<?xml version="1.0" encoding="UTF-8"?>
<!-- Generated by org.testng.reporters.JUnitReportReporter -->
<testsuite hostname="ZCOBTM10457-JavierGarcia.local" failures="0" tests="1" name="navigation.NavigationTests" time="8.248" errors="0" timestamp="17 Jun 2020 22:24:31 GMT" skipped="0">
  <testcase classname="navigation.NavigationTests" name="testNavigator" time="8.248"/>
</testsuite> <!-- navigation.NavigationTests -->
