<?xml version="1.0" encoding="UTF-8"?>
<!-- Generated by org.testng.reporters.JUnitReportReporter -->
<testsuite hostname="ZCOBTM10457-JavierGarcia.local" failures="0" tests="2" name="visualTesting.homePageTest" time="119.775" errors="0" timestamp="17 Jun 2020 22:24:31 GMT" skipped="0">
  <testcase classname="visualTesting.homePageTest" name="visualTestingElement" time="36.528"/>
  <testcase classname="visualTesting.homePageTest" name="visualTestingWindow" time="83.247"/>
</testsuite> <!-- visualTesting.homePageTest -->
