<?xml version="1.0" encoding="UTF-8"?>
<!-- Generated by org.testng.reporters.JUnitReportReporter -->
<testsuite hostname="ZCOBTM10457-JavierGarcia.local" failures="0" tests="1" name="blog.BlogTests" time="11.902" errors="0" timestamp="17 Jun 2020 22:24:31 GMT" skipped="0">
  <testcase classname="blog.BlogTests" name="testBlogPage" time="11.902"/>
</testsuite> <!-- blog.BlogTests -->
