<?xml version="1.0" encoding="UTF-8"?>
<testsuite xmlns:xsi="http://www.w3.org/2001/XMLSchema-instance" xsi:noNamespaceSchemaLocation="https://maven.apache.org/surefire/maven-surefire-plugin/xsd/surefire-test-report.xsd" name="TestSuite" time="233.175" tests="8" errors="0" skipped="0" failures="2">
  <properties>
    <property name="java.specification.version" value="13"/>
    <property name="sun.jnu.encoding" value="UTF-8"/>
    <property name="java.class.path" value="/Users/javiergarcia/Projects/TRAININGS/seleniumWebdriverJava-tau/target/test-classes:/Users/javiergarcia/Projects/TRAININGS/seleniumWebdriverJava-tau/target/classes:/Users/javiergarcia/.m2/repository/org/seleniumhq/selenium/selenium-chrome-driver/3.141.59/selenium-chrome-driver-3.141.59.jar:/Users/javiergarcia/.m2/repository/org/seleniumhq/selenium/selenium-api/3.141.59/selenium-api-3.141.59.jar:/Users/javiergarcia/.m2/repository/org/seleniumhq/selenium/selenium-remote-driver/3.141.59/selenium-remote-driver-3.141.59.jar:/Users/javiergarcia/.m2/repository/net/bytebuddy/byte-buddy/1.8.15/byte-buddy-1.8.15.jar:/Users/javiergarcia/.m2/repository/org/apache/commons/commons-exec/1.3/commons-exec-1.3.jar:/Users/javiergarcia/.m2/repository/com/google/guava/guava/25.0-jre/guava-25.0-jre.jar:/Users/javiergarcia/.m2/repository/com/google/code/findbugs/jsr305/1.3.9/jsr305-1.3.9.jar:/Users/javiergarcia/.m2/repository/org/checkerframework/checker-compat-qual/2.0.0/checker-compat-qual-2.0.0.jar:/Users/javiergarcia/.m2/repository/com/google/errorprone/error_prone_annotations/2.1.3/error_prone_annotations-2.1.3.jar:/Users/javiergarcia/.m2/repository/com/google/j2objc/j2objc-annotations/1.1/j2objc-annotations-1.1.jar:/Users/javiergarcia/.m2/repository/org/codehaus/mojo/animal-sniffer-annotations/1.14/animal-sniffer-annotations-1.14.jar:/Users/javiergarcia/.m2/repository/com/squareup/okhttp3/okhttp/3.11.0/okhttp-3.11.0.jar:/Users/javiergarcia/.m2/repository/com/squareup/okio/okio/1.14.0/okio-1.14.0.jar:/Users/javiergarcia/.m2/repository/org/seleniumhq/selenium/selenium-support/3.141.59/selenium-support-3.141.59.jar:/Users/javiergarcia/.m2/repository/org/testng/testng/6.14.3/testng-6.14.3.jar:/Users/javiergarcia/.m2/repository/com/beust/jcommander/1.72/jcommander-1.72.jar:/Users/javiergarcia/.m2/repository/org/apache-extras/beanshell/bsh/2.0b6/bsh-2.0b6.jar:/Users/javiergarcia/.m2/repository/com/applitools/eyes-selenium-java3/3.164.0/eyes-selenium-java3-3.164.0.jar:/Users/javiergarcia/.m2/repository/com/applitools/eyes-common-java3/3.164.0/eyes-common-java3-3.164.0.jar:/Users/javiergarcia/.m2/repository/org/imgscalr/imgscalr-lib/4.2/imgscalr-lib-4.2.jar:/Users/javiergarcia/.m2/repository/commons-codec/commons-codec/1.10/commons-codec-1.10.jar:/Users/javiergarcia/.m2/repository/commons-io/commons-io/2.6/commons-io-2.6.jar:/Users/javiergarcia/.m2/repository/org/apache/commons/commons-lang3/3.8.1/commons-lang3-3.8.1.jar:/Users/javiergarcia/.m2/repository/org/brotli/dec/0.1.1/dec-0.1.1.jar:/Users/javiergarcia/.m2/repository/com/fasterxml/jackson/core/jackson-databind/2.9.10.4/jackson-databind-2.9.10.4.jar:/Users/javiergarcia/.m2/repository/com/fasterxml/jackson/core/jackson-annotations/2.9.10/jackson-annotations-2.9.10.jar:/Users/javiergarcia/.m2/repository/com/fasterxml/jackson/core/jackson-core/2.9.10/jackson-core-2.9.10.jar:/Users/javiergarcia/.m2/repository/com/applitools/eyes-sdk-core-java3/3.164.0/eyes-sdk-core-java3-3.164.0.jar:/Users/javiergarcia/.m2/repository/com/applitools/eyes-connectivity-java3-jersey2x/3.164.0/eyes-connectivity-java3-jersey2x-3.164.0.jar:/Users/javiergarcia/.m2/repository/org/glassfish/jersey/connectors/jersey-apache-connector/2.29/jersey-apache-connector-2.29.jar:/Users/javiergarcia/.m2/repository/org/glassfish/jersey/core/jersey-common/2.29/jersey-common-2.29.jar:/Users/javiergarcia/.m2/repository/jakarta/annotation/jakarta.annotation-api/1.3.4/jakarta.annotation-api-1.3.4.jar:/Users/javiergarcia/.m2/repository/org/glassfish/hk2/osgi-resource-locator/1.0.3/osgi-resource-locator-1.0.3.jar:/Users/javiergarcia/.m2/repository/com/sun/activation/jakarta.activation/1.2.1/jakarta.activation-1.2.1.jar:/Users/javiergarcia/.m2/repository/jakarta/ws/rs/jakarta.ws.rs-api/2.1.5/jakarta.ws.rs-api-2.1.5.jar:/Users/javiergarcia/.m2/repository/org/glassfish/jersey/core/jersey-client/2.29/jersey-client-2.29.jar:/Users/javiergarcia/.m2/repository/org/glassfish/hk2/external/jakarta.inject/2.5.0/jakarta.inject-2.5.0.jar:/Users/javiergarcia/.m2/repository/org/glassfish/jersey/inject/jersey-hk2/2.29/jersey-hk2-2.29.jar:/Users/javiergarcia/.m2/repository/org/glassfish/hk2/hk2-locator/2.5.0/hk2-locator-2.5.0.jar:/Users/javiergarcia/.m2/repository/org/glassfish/hk2/external/aopalliance-repackaged/2.5.0/aopalliance-repackaged-2.5.0.jar:/Users/javiergarcia/.m2/repository/org/glassfish/hk2/hk2-api/2.5.0/hk2-api-2.5.0.jar:/Users/javiergarcia/.m2/repository/org/glassfish/hk2/hk2-utils/2.5.0/hk2-utils-2.5.0.jar:/Users/javiergarcia/.m2/repository/org/javassist/javassist/3.22.0-CR2/javassist-3.22.0-CR2.jar:/Users/javiergarcia/.m2/repository/org/seleniumhq/selenium/selenium-java/3.141.59/selenium-java-3.141.59.jar:/Users/javiergarcia/.m2/repository/org/seleniumhq/selenium/selenium-edge-driver/3.141.59/selenium-edge-driver-3.141.59.jar:/Users/javiergarcia/.m2/repository/org/seleniumhq/selenium/selenium-firefox-driver/3.141.59/selenium-firefox-driver-3.141.59.jar:/Users/javiergarcia/.m2/repository/org/seleniumhq/selenium/selenium-ie-driver/3.141.59/selenium-ie-driver-3.141.59.jar:/Users/javiergarcia/.m2/repository/org/seleniumhq/selenium/selenium-opera-driver/3.141.59/selenium-opera-driver-3.141.59.jar:/Users/javiergarcia/.m2/repository/org/seleniumhq/selenium/selenium-safari-driver/3.141.59/selenium-safari-driver-3.141.59.jar:/Users/javiergarcia/.m2/repository/io/appium/java-client/7.0.0/java-client-7.0.0.jar:/Users/javiergarcia/.m2/repository/com/google/code/gson/gson/2.8.5/gson-2.8.5.jar:/Users/javiergarcia/.m2/repository/org/apache/httpcomponents/httpclient/4.5.6/httpclient-4.5.6.jar:/Users/javiergarcia/.m2/repository/org/apache/httpcomponents/httpcore/4.4.10/httpcore-4.4.10.jar:/Users/javiergarcia/.m2/repository/commons-logging/commons-logging/1.2/commons-logging-1.2.jar:/Users/javiergarcia/.m2/repository/cglib/cglib/3.2.8/cglib-3.2.8.jar:/Users/javiergarcia/.m2/repository/org/ow2/asm/asm/6.2.1/asm-6.2.1.jar:/Users/javiergarcia/.m2/repository/org/apache/ant/ant/1.10.3/ant-1.10.3.jar:/Users/javiergarcia/.m2/repository/org/apache/ant/ant-launcher/1.10.3/ant-launcher-1.10.3.jar:/Users/javiergarcia/.m2/repository/commons-validator/commons-validator/1.6/commons-validator-1.6.jar:/Users/javiergarcia/.m2/repository/commons-beanutils/commons-beanutils/1.9.2/commons-beanutils-1.9.2.jar:/Users/javiergarcia/.m2/repository/commons-digester/commons-digester/1.8.1/commons-digester-1.8.1.jar:/Users/javiergarcia/.m2/repository/commons-collections/commons-collections/3.2.2/commons-collections-3.2.2.jar:/Users/javiergarcia/.m2/repository/org/springframework/spring-context/5.1.0.RELEASE/spring-context-5.1.0.RELEASE.jar:/Users/javiergarcia/.m2/repository/org/springframework/spring-aop/5.1.0.RELEASE/spring-aop-5.1.0.RELEASE.jar:/Users/javiergarcia/.m2/repository/org/springframework/spring-beans/5.1.0.RELEASE/spring-beans-5.1.0.RELEASE.jar:/Users/javiergarcia/.m2/repository/org/springframework/spring-core/5.1.0.RELEASE/spring-core-5.1.0.RELEASE.jar:/Users/javiergarcia/.m2/repository/org/springframework/spring-jcl/5.1.0.RELEASE/spring-jcl-5.1.0.RELEASE.jar:/Users/javiergarcia/.m2/repository/org/springframework/spring-expression/5.1.0.RELEASE/spring-expression-5.1.0.RELEASE.jar:/Users/javiergarcia/.m2/repository/org/aspectj/aspectjweaver/1.9.1/aspectjweaver-1.9.1.jar:/Users/javiergarcia/.m2/repository/org/slf4j/slf4j-api/1.7.25/slf4j-api-1.7.25.jar:/Users/javiergarcia/.m2/repository/com/helger/ph-css/6.1.1/ph-css-6.1.1.jar:/Users/javiergarcia/.m2/repository/com/helger/ph-commons/9.0.2/ph-commons-9.0.2.jar:/Users/javiergarcia/.m2/repository/javax/activation/activation/1.1.1/activation-1.1.1.jar:/Users/javiergarcia/.m2/repository/com/relevantcodes/extentreports/2.41.2/extentreports-2.41.2.jar:/Users/javiergarcia/.m2/repository/org/jsoup/jsoup/1.8.3/jsoup-1.8.3.jar:/Users/javiergarcia/.m2/repository/org/xerial/sqlite-jdbc/3.8.11.1/sqlite-jdbc-3.8.11.1.jar:/Users/javiergarcia/.m2/repository/org/freemarker/freemarker/2.3.23/freemarker-2.3.23.jar:/Users/javiergarcia/.m2/repository/org/mongodb/mongodb-driver/3.0.4/mongodb-driver-3.0.4.jar:/Users/javiergarcia/.m2/repository/org/mongodb/bson/3.0.4/bson-3.0.4.jar:/Users/javiergarcia/.m2/repository/org/mongodb/mongodb-driver-core/3.0.4/mongodb-driver-core-3.0.4.jar:/Users/javiergarcia/.m2/repository/io/cucumber/cucumber-java/6.0.0/cucumber-java-6.0.0.jar:/Users/javiergarcia/.m2/repository/io/cucumber/cucumber-core/6.0.0/cucumber-core-6.0.0.jar:/Users/javiergarcia/.m2/repository/io/cucumber/cucumber-gherkin/6.0.0/cucumber-gherkin-6.0.0.jar:/Users/javiergarcia/.m2/repository/io/cucumber/cucumber-gherkin-messages/6.0.0/cucumber-gherkin-messages-6.0.0.jar:/Users/javiergarcia/.m2/repository/io/cucumber/messages/12.1.1/messages-12.1.1.jar:/Users/javiergarcia/.m2/repository/io/cucumber/tag-expressions/2.0.4/tag-expressions-2.0.4.jar:/Users/javiergarcia/.m2/repository/io/cucumber/cucumber-expressions/10.2.0/cucumber-expressions-10.2.0.jar:/Users/javiergarcia/.m2/repository/io/cucumber/datatable/3.3.1/datatable-3.3.1.jar:/Users/javiergarcia/.m2/repository/io/cucumber/cucumber-plugin/6.0.0/cucumber-plugin-6.0.0.jar:/Users/javiergarcia/.m2/repository/io/cucumber/docstring/6.0.0/docstring-6.0.0.jar:/Users/javiergarcia/.m2/repository/io/cucumber/html-formatter/6.0.2/html-formatter-6.0.2.jar:/Users/javiergarcia/.m2/repository/org/apiguardian/apiguardian-api/1.1.0/apiguardian-api-1.1.0.jar:/Users/javiergarcia/.m2/repository/io/cucumber/cucumber-junit/6.0.0/cucumber-junit-6.0.0.jar:/Users/javiergarcia/.m2/repository/junit/junit/4.12/junit-4.12.jar:/Users/javiergarcia/.m2/repository/org/hamcrest/hamcrest-core/1.3/hamcrest-core-1.3.jar:/Users/javiergarcia/.m2/repository/io/cucumber/cucumber-picocontainer/5.6.0/cucumber-picocontainer-5.6.0.jar:/Users/javiergarcia/.m2/repository/org/picocontainer/picocontainer/2.14.3/picocontainer-2.14.3.jar:/Users/javiergarcia/.m2/repository/org/apache/maven/plugins/maven-surefire-plugin/3.0.0-M4/maven-surefire-plugin-3.0.0-M4.jar:/Users/javiergarcia/.m2/repository/org/apache/maven/surefire/maven-surefire-common/3.0.0-M4/maven-surefire-common-3.0.0-M4.jar:/Users/javiergarcia/.m2/repository/org/apache/maven/surefire/surefire-api/3.0.0-M4/surefire-api-3.0.0-M4.jar:/Users/javiergarcia/.m2/repository/org/apache/maven/surefire/surefire-logger-api/3.0.0-M4/surefire-logger-api-3.0.0-M4.jar:/Users/javiergarcia/.m2/repository/org/apache/maven/surefire/surefire-extensions-api/3.0.0-M4/surefire-extensions-api-3.0.0-M4.jar:/Users/javiergarcia/.m2/repository/org/apache/maven/surefire/surefire-booter/3.0.0-M4/surefire-booter-3.0.0-M4.jar:/Users/javiergarcia/.m2/repository/org/apache/maven/maven-toolchain/3.0-alpha-2/maven-toolchain-3.0-alpha-2.jar:/Users/javiergarcia/.m2/repository/org/apache/maven/shared/maven-artifact-transfer/0.11.0/maven-artifact-transfer-0.11.0.jar:/Users/javiergarcia/.m2/repository/org/apache/maven/shared/maven-common-artifact-filters/3.0.1/maven-common-artifact-filters-3.0.1.jar:/Users/javiergarcia/.m2/repository/org/apache/maven/maven-model/3.0/maven-model-3.0.jar:/Users/javiergarcia/.m2/repository/org/apache/maven/maven-plugin-api/3.0/maven-plugin-api-3.0.jar:/Users/javiergarcia/.m2/repository/org/sonatype/sisu/sisu-inject-plexus/1.4.2/sisu-inject-plexus-1.4.2.jar:/Users/javiergarcia/.m2/repository/org/codehaus/plexus/plexus-classworlds/2.2.3/plexus-classworlds-2.2.3.jar:/Users/javiergarcia/.m2/repository/org/sonatype/sisu/sisu-inject-bean/1.4.2/sisu-inject-bean-1.4.2.jar:/Users/javiergarcia/.m2/repository/org/sonatype/sisu/sisu-guice/2.1.7/sisu-guice-2.1.7-noaop.jar:/Users/javiergarcia/.m2/repository/org/apache/maven/shared/maven-shared-utils/3.1.0/maven-shared-utils-3.1.0.jar:/Users/javiergarcia/.m2/repository/org/codehaus/plexus/plexus-java/1.0.3/plexus-java-1.0.3.jar:/Users/javiergarcia/.m2/repository/com/thoughtworks/qdox/qdox/2.0-M9/qdox-2.0-M9.jar:/Users/javiergarcia/.m2/repository/org/apache/maven/surefire/surefire-testng-utils/2.22.0/surefire-testng-utils-2.22.0.jar:/Users/javiergarcia/.m2/repository/org/apache/maven/surefire/surefire-grouper/2.22.0/surefire-grouper-2.22.0.jar:"/>
    <property name="java.vm.vendor" value="Oracle Corporation"/>
    <property name="sun.arch.data.model" value="64"/>
    <property name="java.vendor.url" value="https://java.oracle.com/"/>
    <property name="os.name" value="Mac OS X"/>
    <property name="java.vm.specification.version" value="13"/>
    <property name="sun.java.launcher" value="SUN_STANDARD"/>
    <property name="user.country" value="CO"/>
    <property name="sun.boot.library.path" value="/Library/Java/JavaVirtualMachines/jdk-13.0.2.jdk/Contents/Home/lib"/>
    <property name="sun.java.command" value="/Users/javiergarcia/Projects/TRAININGS/seleniumWebdriverJava-tau/target/surefire/surefirebooter16971411735407047044.jar /Users/javiergarcia/Projects/TRAININGS/seleniumWebdriverJava-tau/target/surefire 2020-06-17T17-20-37_786-jvmRun1 surefire17392622259389342027tmp surefire_011168681595222807358tmp"/>
    <property name="http.nonProxyHosts" value="local|*.local|169.254/16|*.169.254/16"/>
    <property name="jdk.debug" value="release"/>
    <property name="surefire.test.class.path" value="/Users/javiergarcia/Projects/TRAININGS/seleniumWebdriverJava-tau/target/test-classes:/Users/javiergarcia/Projects/TRAININGS/seleniumWebdriverJava-tau/target/classes:/Users/javiergarcia/.m2/repository/org/seleniumhq/selenium/selenium-chrome-driver/3.141.59/selenium-chrome-driver-3.141.59.jar:/Users/javiergarcia/.m2/repository/org/seleniumhq/selenium/selenium-api/3.141.59/selenium-api-3.141.59.jar:/Users/javiergarcia/.m2/repository/org/seleniumhq/selenium/selenium-remote-driver/3.141.59/selenium-remote-driver-3.141.59.jar:/Users/javiergarcia/.m2/repository/net/bytebuddy/byte-buddy/1.8.15/byte-buddy-1.8.15.jar:/Users/javiergarcia/.m2/repository/org/apache/commons/commons-exec/1.3/commons-exec-1.3.jar:/Users/javiergarcia/.m2/repository/com/google/guava/guava/25.0-jre/guava-25.0-jre.jar:/Users/javiergarcia/.m2/repository/com/google/code/findbugs/jsr305/1.3.9/jsr305-1.3.9.jar:/Users/javiergarcia/.m2/repository/org/checkerframework/checker-compat-qual/2.0.0/checker-compat-qual-2.0.0.jar:/Users/javiergarcia/.m2/repository/com/google/errorprone/error_prone_annotations/2.1.3/error_prone_annotations-2.1.3.jar:/Users/javiergarcia/.m2/repository/com/google/j2objc/j2objc-annotations/1.1/j2objc-annotations-1.1.jar:/Users/javiergarcia/.m2/repository/org/codehaus/mojo/animal-sniffer-annotations/1.14/animal-sniffer-annotations-1.14.jar:/Users/javiergarcia/.m2/repository/com/squareup/okhttp3/okhttp/3.11.0/okhttp-3.11.0.jar:/Users/javiergarcia/.m2/repository/com/squareup/okio/okio/1.14.0/okio-1.14.0.jar:/Users/javiergarcia/.m2/repository/org/seleniumhq/selenium/selenium-support/3.141.59/selenium-support-3.141.59.jar:/Users/javiergarcia/.m2/repository/org/testng/testng/6.14.3/testng-6.14.3.jar:/Users/javiergarcia/.m2/repository/com/beust/jcommander/1.72/jcommander-1.72.jar:/Users/javiergarcia/.m2/repository/org/apache-extras/beanshell/bsh/2.0b6/bsh-2.0b6.jar:/Users/javiergarcia/.m2/repository/com/applitools/eyes-selenium-java3/3.164.0/eyes-selenium-java3-3.164.0.jar:/Users/javiergarcia/.m2/repository/com/applitools/eyes-common-java3/3.164.0/eyes-common-java3-3.164.0.jar:/Users/javiergarcia/.m2/repository/org/imgscalr/imgscalr-lib/4.2/imgscalr-lib-4.2.jar:/Users/javiergarcia/.m2/repository/commons-codec/commons-codec/1.10/commons-codec-1.10.jar:/Users/javiergarcia/.m2/repository/commons-io/commons-io/2.6/commons-io-2.6.jar:/Users/javiergarcia/.m2/repository/org/apache/commons/commons-lang3/3.8.1/commons-lang3-3.8.1.jar:/Users/javiergarcia/.m2/repository/org/brotli/dec/0.1.1/dec-0.1.1.jar:/Users/javiergarcia/.m2/repository/com/fasterxml/jackson/core/jackson-databind/2.9.10.4/jackson-databind-2.9.10.4.jar:/Users/javiergarcia/.m2/repository/com/fasterxml/jackson/core/jackson-annotations/2.9.10/jackson-annotations-2.9.10.jar:/Users/javiergarcia/.m2/repository/com/fasterxml/jackson/core/jackson-core/2.9.10/jackson-core-2.9.10.jar:/Users/javiergarcia/.m2/repository/com/applitools/eyes-sdk-core-java3/3.164.0/eyes-sdk-core-java3-3.164.0.jar:/Users/javiergarcia/.m2/repository/com/applitools/eyes-connectivity-java3-jersey2x/3.164.0/eyes-connectivity-java3-jersey2x-3.164.0.jar:/Users/javiergarcia/.m2/repository/org/glassfish/jersey/connectors/jersey-apache-connector/2.29/jersey-apache-connector-2.29.jar:/Users/javiergarcia/.m2/repository/org/glassfish/jersey/core/jersey-common/2.29/jersey-common-2.29.jar:/Users/javiergarcia/.m2/repository/jakarta/annotation/jakarta.annotation-api/1.3.4/jakarta.annotation-api-1.3.4.jar:/Users/javiergarcia/.m2/repository/org/glassfish/hk2/osgi-resource-locator/1.0.3/osgi-resource-locator-1.0.3.jar:/Users/javiergarcia/.m2/repository/com/sun/activation/jakarta.activation/1.2.1/jakarta.activation-1.2.1.jar:/Users/javiergarcia/.m2/repository/jakarta/ws/rs/jakarta.ws.rs-api/2.1.5/jakarta.ws.rs-api-2.1.5.jar:/Users/javiergarcia/.m2/repository/org/glassfish/jersey/core/jersey-client/2.29/jersey-client-2.29.jar:/Users/javiergarcia/.m2/repository/org/glassfish/hk2/external/jakarta.inject/2.5.0/jakarta.inject-2.5.0.jar:/Users/javiergarcia/.m2/repository/org/glassfish/jersey/inject/jersey-hk2/2.29/jersey-hk2-2.29.jar:/Users/javiergarcia/.m2/repository/org/glassfish/hk2/hk2-locator/2.5.0/hk2-locator-2.5.0.jar:/Users/javiergarcia/.m2/repository/org/glassfish/hk2/external/aopalliance-repackaged/2.5.0/aopalliance-repackaged-2.5.0.jar:/Users/javiergarcia/.m2/repository/org/glassfish/hk2/hk2-api/2.5.0/hk2-api-2.5.0.jar:/Users/javiergarcia/.m2/repository/org/glassfish/hk2/hk2-utils/2.5.0/hk2-utils-2.5.0.jar:/Users/javiergarcia/.m2/repository/org/javassist/javassist/3.22.0-CR2/javassist-3.22.0-CR2.jar:/Users/javiergarcia/.m2/repository/org/seleniumhq/selenium/selenium-java/3.141.59/selenium-java-3.141.59.jar:/Users/javiergarcia/.m2/repository/org/seleniumhq/selenium/selenium-edge-driver/3.141.59/selenium-edge-driver-3.141.59.jar:/Users/javiergarcia/.m2/repository/org/seleniumhq/selenium/selenium-firefox-driver/3.141.59/selenium-firefox-driver-3.141.59.jar:/Users/javiergarcia/.m2/repository/org/seleniumhq/selenium/selenium-ie-driver/3.141.59/selenium-ie-driver-3.141.59.jar:/Users/javiergarcia/.m2/repository/org/seleniumhq/selenium/selenium-opera-driver/3.141.59/selenium-opera-driver-3.141.59.jar:/Users/javiergarcia/.m2/repository/org/seleniumhq/selenium/selenium-safari-driver/3.141.59/selenium-safari-driver-3.141.59.jar:/Users/javiergarcia/.m2/repository/io/appium/java-client/7.0.0/java-client-7.0.0.jar:/Users/javiergarcia/.m2/repository/com/google/code/gson/gson/2.8.5/gson-2.8.5.jar:/Users/javiergarcia/.m2/repository/org/apache/httpcomponents/httpclient/4.5.6/httpclient-4.5.6.jar:/Users/javiergarcia/.m2/repository/org/apache/httpcomponents/httpcore/4.4.10/httpcore-4.4.10.jar:/Users/javiergarcia/.m2/repository/commons-logging/commons-logging/1.2/commons-logging-1.2.jar:/Users/javiergarcia/.m2/repository/cglib/cglib/3.2.8/cglib-3.2.8.jar:/Users/javiergarcia/.m2/repository/org/ow2/asm/asm/6.2.1/asm-6.2.1.jar:/Users/javiergarcia/.m2/repository/org/apache/ant/ant/1.10.3/ant-1.10.3.jar:/Users/javiergarcia/.m2/repository/org/apache/ant/ant-launcher/1.10.3/ant-launcher-1.10.3.jar:/Users/javiergarcia/.m2/repository/commons-validator/commons-validator/1.6/commons-validator-1.6.jar:/Users/javiergarcia/.m2/repository/commons-beanutils/commons-beanutils/1.9.2/commons-beanutils-1.9.2.jar:/Users/javiergarcia/.m2/repository/commons-digester/commons-digester/1.8.1/commons-digester-1.8.1.jar:/Users/javiergarcia/.m2/repository/commons-collections/commons-collections/3.2.2/commons-collections-3.2.2.jar:/Users/javiergarcia/.m2/repository/org/springframework/spring-context/5.1.0.RELEASE/spring-context-5.1.0.RELEASE.jar:/Users/javiergarcia/.m2/repository/org/springframework/spring-aop/5.1.0.RELEASE/spring-aop-5.1.0.RELEASE.jar:/Users/javiergarcia/.m2/repository/org/springframework/spring-beans/5.1.0.RELEASE/spring-beans-5.1.0.RELEASE.jar:/Users/javiergarcia/.m2/repository/org/springframework/spring-core/5.1.0.RELEASE/spring-core-5.1.0.RELEASE.jar:/Users/javiergarcia/.m2/repository/org/springframework/spring-jcl/5.1.0.RELEASE/spring-jcl-5.1.0.RELEASE.jar:/Users/javiergarcia/.m2/repository/org/springframework/spring-expression/5.1.0.RELEASE/spring-expression-5.1.0.RELEASE.jar:/Users/javiergarcia/.m2/repository/org/aspectj/aspectjweaver/1.9.1/aspectjweaver-1.9.1.jar:/Users/javiergarcia/.m2/repository/org/slf4j/slf4j-api/1.7.25/slf4j-api-1.7.25.jar:/Users/javiergarcia/.m2/repository/com/helger/ph-css/6.1.1/ph-css-6.1.1.jar:/Users/javiergarcia/.m2/repository/com/helger/ph-commons/9.0.2/ph-commons-9.0.2.jar:/Users/javiergarcia/.m2/repository/javax/activation/activation/1.1.1/activation-1.1.1.jar:/Users/javiergarcia/.m2/repository/com/relevantcodes/extentreports/2.41.2/extentreports-2.41.2.jar:/Users/javiergarcia/.m2/repository/org/jsoup/jsoup/1.8.3/jsoup-1.8.3.jar:/Users/javiergarcia/.m2/repository/org/xerial/sqlite-jdbc/3.8.11.1/sqlite-jdbc-3.8.11.1.jar:/Users/javiergarcia/.m2/repository/org/freemarker/freemarker/2.3.23/freemarker-2.3.23.jar:/Users/javiergarcia/.m2/repository/org/mongodb/mongodb-driver/3.0.4/mongodb-driver-3.0.4.jar:/Users/javiergarcia/.m2/repository/org/mongodb/bson/3.0.4/bson-3.0.4.jar:/Users/javiergarcia/.m2/repository/org/mongodb/mongodb-driver-core/3.0.4/mongodb-driver-core-3.0.4.jar:/Users/javiergarcia/.m2/repository/io/cucumber/cucumber-java/6.0.0/cucumber-java-6.0.0.jar:/Users/javiergarcia/.m2/repository/io/cucumber/cucumber-core/6.0.0/cucumber-core-6.0.0.jar:/Users/javiergarcia/.m2/repository/io/cucumber/cucumber-gherkin/6.0.0/cucumber-gherkin-6.0.0.jar:/Users/javiergarcia/.m2/repository/io/cucumber/cucumber-gherkin-messages/6.0.0/cucumber-gherkin-messages-6.0.0.jar:/Users/javiergarcia/.m2/repository/io/cucumber/messages/12.1.1/messages-12.1.1.jar:/Users/javiergarcia/.m2/repository/io/cucumber/tag-expressions/2.0.4/tag-expressions-2.0.4.jar:/Users/javiergarcia/.m2/repository/io/cucumber/cucumber-expressions/10.2.0/cucumber-expressions-10.2.0.jar:/Users/javiergarcia/.m2/repository/io/cucumber/datatable/3.3.1/datatable-3.3.1.jar:/Users/javiergarcia/.m2/repository/io/cucumber/cucumber-plugin/6.0.0/cucumber-plugin-6.0.0.jar:/Users/javiergarcia/.m2/repository/io/cucumber/docstring/6.0.0/docstring-6.0.0.jar:/Users/javiergarcia/.m2/repository/io/cucumber/html-formatter/6.0.2/html-formatter-6.0.2.jar:/Users/javiergarcia/.m2/repository/org/apiguardian/apiguardian-api/1.1.0/apiguardian-api-1.1.0.jar:/Users/javiergarcia/.m2/repository/io/cucumber/cucumber-junit/6.0.0/cucumber-junit-6.0.0.jar:/Users/javiergarcia/.m2/repository/junit/junit/4.12/junit-4.12.jar:/Users/javiergarcia/.m2/repository/org/hamcrest/hamcrest-core/1.3/hamcrest-core-1.3.jar:/Users/javiergarcia/.m2/repository/io/cucumber/cucumber-picocontainer/5.6.0/cucumber-picocontainer-5.6.0.jar:/Users/javiergarcia/.m2/repository/org/picocontainer/picocontainer/2.14.3/picocontainer-2.14.3.jar:/Users/javiergarcia/.m2/repository/org/apache/maven/plugins/maven-surefire-plugin/3.0.0-M4/maven-surefire-plugin-3.0.0-M4.jar:/Users/javiergarcia/.m2/repository/org/apache/maven/surefire/maven-surefire-common/3.0.0-M4/maven-surefire-common-3.0.0-M4.jar:/Users/javiergarcia/.m2/repository/org/apache/maven/surefire/surefire-api/3.0.0-M4/surefire-api-3.0.0-M4.jar:/Users/javiergarcia/.m2/repository/org/apache/maven/surefire/surefire-logger-api/3.0.0-M4/surefire-logger-api-3.0.0-M4.jar:/Users/javiergarcia/.m2/repository/org/apache/maven/surefire/surefire-extensions-api/3.0.0-M4/surefire-extensions-api-3.0.0-M4.jar:/Users/javiergarcia/.m2/repository/org/apache/maven/surefire/surefire-booter/3.0.0-M4/surefire-booter-3.0.0-M4.jar:/Users/javiergarcia/.m2/repository/org/apache/maven/maven-toolchain/3.0-alpha-2/maven-toolchain-3.0-alpha-2.jar:/Users/javiergarcia/.m2/repository/org/apache/maven/shared/maven-artifact-transfer/0.11.0/maven-artifact-transfer-0.11.0.jar:/Users/javiergarcia/.m2/repository/org/apache/maven/shared/maven-common-artifact-filters/3.0.1/maven-common-artifact-filters-3.0.1.jar:/Users/javiergarcia/.m2/repository/org/apache/maven/maven-model/3.0/maven-model-3.0.jar:/Users/javiergarcia/.m2/repository/org/apache/maven/maven-plugin-api/3.0/maven-plugin-api-3.0.jar:/Users/javiergarcia/.m2/repository/org/sonatype/sisu/sisu-inject-plexus/1.4.2/sisu-inject-plexus-1.4.2.jar:/Users/javiergarcia/.m2/repository/org/codehaus/plexus/plexus-classworlds/2.2.3/plexus-classworlds-2.2.3.jar:/Users/javiergarcia/.m2/repository/org/sonatype/sisu/sisu-inject-bean/1.4.2/sisu-inject-bean-1.4.2.jar:/Users/javiergarcia/.m2/repository/org/sonatype/sisu/sisu-guice/2.1.7/sisu-guice-2.1.7-noaop.jar:/Users/javiergarcia/.m2/repository/org/apache/maven/shared/maven-shared-utils/3.1.0/maven-shared-utils-3.1.0.jar:/Users/javiergarcia/.m2/repository/org/codehaus/plexus/plexus-java/1.0.3/plexus-java-1.0.3.jar:/Users/javiergarcia/.m2/repository/com/thoughtworks/qdox/qdox/2.0-M9/qdox-2.0-M9.jar:/Users/javiergarcia/.m2/repository/org/apache/maven/surefire/surefire-testng-utils/2.22.0/surefire-testng-utils-2.22.0.jar:/Users/javiergarcia/.m2/repository/org/apache/maven/surefire/surefire-grouper/2.22.0/surefire-grouper-2.22.0.jar:"/>
    <property name="sun.cpu.endian" value="little"/>
    <property name="user.home" value="/Users/javiergarcia"/>
    <property name="user.language" value="en"/>
    <property name="java.specification.vendor" value="Oracle Corporation"/>
    <property name="java.version.date" value="2020-01-14"/>
    <property name="java.home" value="/Library/Java/JavaVirtualMachines/jdk-13.0.2.jdk/Contents/Home"/>
    <property name="file.separator" value="/"/>
    <property name="basedir" value="/Users/javiergarcia/Projects/TRAININGS/seleniumWebdriverJava-tau"/>
    <property name="java.vm.compressedOopsMode" value="Zero based"/>
    <property name="line.separator" value="&#10;"/>
    <property name="java.specification.name" value="Java Platform API Specification"/>
    <property name="java.vm.specification.vendor" value="Oracle Corporation"/>
    <property name="idea.version2020.1.2" value="true"/>
    <property name="surefire.real.class.path" value="/Users/javiergarcia/Projects/TRAININGS/seleniumWebdriverJava-tau/target/surefire/surefirebooter16971411735407047044.jar"/>
    <property name="sun.management.compiler" value="HotSpot 64-Bit Tiered Compilers"/>
    <property name="ftp.nonProxyHosts" value="local|*.local|169.254/16|*.169.254/16"/>
    <property name="java.runtime.version" value="13.0.2+8"/>
    <property name="user.name" value="javiergarcia"/>
    <property name="path.separator" value=":"/>
    <property name="os.version" value="10.15.5"/>
    <property name="java.runtime.name" value="Java(TM) SE Runtime Environment"/>
    <property name="file.encoding" value="UTF-8"/>
    <property name="java.vm.name" value="Java HotSpot(TM) 64-Bit Server VM"/>
    <property name="localRepository" value="/Users/javiergarcia/.m2/repository"/>
    <property name="java.vendor.url.bug" value="https://bugreport.java.com/bugreport/"/>
    <property name="java.io.tmpdir" value="/var/folders/49/pwhcb5vs4bj9jzll9v14p2mh0000gp/T/"/>
    <property name="java.version" value="13.0.2"/>
    <property name="user.dir" value="/Users/javiergarcia/Projects/TRAININGS/seleniumWebdriverJava-tau"/>
    <property name="os.arch" value="x86_64"/>
    <property name="java.vm.specification.name" value="Java Virtual Machine Specification"/>
    <property name="java.library.path" value="/Users/javiergarcia/Library/Java/Extensions:/Library/Java/Extensions:/Network/Library/Java/Extensions:/System/Library/Java/Extensions:/usr/lib/java:."/>
    <property name="java.vm.info" value="mixed mode, sharing"/>
    <property name="java.vendor" value="Oracle Corporation"/>
    <property name="java.vm.version" value="13.0.2+8"/>
    <property name="sun.io.unicode.encoding" value="UnicodeBig"/>
    <property name="socksNonProxyHosts" value="local|*.local|169.254/16|*.169.254/16"/>
    <property name="java.class.version" value="57.0"/>
  </properties>
  <testcase name="testBlogPage" classname="blog.BlogTests" time="10.748"/>
  <testcase name="testSuccessfulContactInfo" classname="contact.ContactTests" time="4.928"/>
  <testcase name="testEmailSuscription" classname="suscription.EmailSuscriptionTest" time="2.404">
    <failure message="no such element: Unable to locate element: {&quot;method&quot;:&quot;css selector&quot;,&quot;selector&quot;:&quot;#subscribe-form &gt; div.form-group.z-subscribe-inputs &gt; div &gt; button&quot;}&#10;  (Session info: chrome=83.0.4103.106)&#10;For documentation on this error, please visit: https://www.seleniumhq.org/exceptions/no_such_element.html&#10;Build info: version: &apos;3.141.59&apos;, revision: &apos;e82be7d358&apos;, time: &apos;2018-11-14T08:17:03&apos;&#10;System info: host: &apos;ZCOBTM10457-JavierGarcia.local&apos;, ip: &apos;2800:484:2879:f900:3af9:d3ff:fe98:d2e1%en0&apos;, os.name: &apos;Mac OS X&apos;, os.arch: &apos;x86_64&apos;, os.version: &apos;10.15.5&apos;, java.version: &apos;13.0.2&apos;&#10;Driver info: org.openqa.selenium.chrome.ChromeDriver&#10;Capabilities {acceptInsecureCerts: false, browserName: chrome, browserVersion: 83.0.4103.106, chrome: {chromedriverVersion: 83.0.4103.39 (ccbf011cb2d2b..., userDataDir: /var/folders/49/pwhcb5vs4bj...}, goog:chromeOptions: {debuggerAddress: localhost:57535}, javascriptEnabled: true, networkConnectionEnabled: false, pageLoadStrategy: normal, platform: MAC, platformName: MAC, proxy: Proxy(), setWindowRect: true, strictFileInteractability: false, timeouts: {implicit: 0, pageLoad: 300000, script: 30000}, unhandledPromptBehavior: dismiss and notify, webauthn:virtualAuthenticators: true}&#10;Session ID: ff6278e949f7a467f0c27c9b00986cf7&#10;*** Element info: {Using=css selector, value=#subscribe-form &gt; div.form-group.z-subscribe-inputs &gt; div &gt; button}" type="org.openqa.selenium.NoSuchElementException">org.openqa.selenium.NoSuchElementException: 
no such element: Unable to locate element: {"method":"css selector","selector":"#subscribe-form > div.form-group.z-subscribe-inputs > div > button"}
  (Session info: chrome=83.0.4103.106)
For documentation on this error, please visit: https://www.seleniumhq.org/exceptions/no_such_element.html
Build info: version: '3.141.59', revision: 'e82be7d358', time: '2018-11-14T08:17:03'
System info: host: 'ZCOBTM10457-JavierGarcia.local', ip: '2800:484:2879:f900:3af9:d3ff:fe98:d2e1%en0', os.name: 'Mac OS X', os.arch: 'x86_64', os.version: '10.15.5', java.version: '13.0.2'
Driver info: org.openqa.selenium.chrome.ChromeDriver
Capabilities {acceptInsecureCerts: false, browserName: chrome, browserVersion: 83.0.4103.106, chrome: {chromedriverVersion: 83.0.4103.39 (ccbf011cb2d2b..., userDataDir: /var/folders/49/pwhcb5vs4bj...}, goog:chromeOptions: {debuggerAddress: localhost:57535}, javascriptEnabled: true, networkConnectionEnabled: false, pageLoadStrategy: normal, platform: MAC, platformName: MAC, proxy: Proxy(), setWindowRect: true, strictFileInteractability: false, timeouts: {implicit: 0, pageLoad: 300000, script: 30000}, unhandledPromptBehavior: dismiss and notify, webauthn:virtualAuthenticators: true}
Session ID: ff6278e949f7a467f0c27c9b00986cf7
*** Element info: {Using=css selector, value=#subscribe-form > div.form-group.z-subscribe-inputs > div > button}
	at suscription.EmailSuscriptionTest.testEmailSuscription(EmailSuscriptionTest.java:16)
</failure>
    <system-out><![CDATA[Clicking on blog
Zemoga / Blog
Clicking on subscribe
]]></system-out>
    <system-err><![CDATA[Starting ChromeDriver 83.0.4103.39 (ccbf011cb2d2b19b506d844400483861342c20cd-refs/branch-heads/4103@{#416}) on port 46361
Only local connections are allowed.
Please see https://chromedriver.chromium.org/security-considerations for suggestions on keeping ChromeDriver safe.
ChromeDriver was started successfully.
Jun 17, 2020 5:21:18 PM org.openqa.selenium.remote.ProtocolHandshake createSession
INFO: Detected dialect: W3C
]]></system-err>
  </testcase>
  <testcase name="testSuccessfulJobsInfo" classname="jobs.JobsTests" time="10.941"/>
  <testcase name="testNavigator" classname="navigation.NavigationTests" time="7.235"/>
  <testcase name="testHoverPartnersItem" classname="work.WorkTests" time="4.826">
    <failure message="no such element: Unable to locate element: {&quot;method&quot;:&quot;css selector&quot;,&quot;selector&quot;:&quot;.tooltip&quot;}&#10;  (Session info: chrome=83.0.4103.106)&#10;For documentation on this error, please visit: https://www.seleniumhq.org/exceptions/no_such_element.html&#10;Build info: version: &apos;3.141.59&apos;, revision: &apos;e82be7d358&apos;, time: &apos;2018-11-14T08:17:03&apos;&#10;System info: host: &apos;ZCOBTM10457-JavierGarcia.local&apos;, ip: &apos;2800:484:2879:f900:3af9:d3ff:fe98:d2e1%en0&apos;, os.name: &apos;Mac OS X&apos;, os.arch: &apos;x86_64&apos;, os.version: &apos;10.15.5&apos;, java.version: &apos;13.0.2&apos;&#10;Driver info: org.openqa.selenium.chrome.ChromeDriver&#10;Capabilities {acceptInsecureCerts: false, browserName: chrome, browserVersion: 83.0.4103.106, chrome: {chromedriverVersion: 83.0.4103.39 (ccbf011cb2d2b..., userDataDir: /var/folders/49/pwhcb5vs4bj...}, goog:chromeOptions: {debuggerAddress: localhost:58076}, javascriptEnabled: true, networkConnectionEnabled: false, pageLoadStrategy: normal, platform: MAC, platformName: MAC, proxy: Proxy(), setWindowRect: true, strictFileInteractability: false, timeouts: {implicit: 0, pageLoad: 300000, script: 30000}, unhandledPromptBehavior: dismiss and notify, webauthn:virtualAuthenticators: true}&#10;Session ID: 574256dc1fa07ae43024edd8a1f9bfc5&#10;*** Element info: {Using=class name, value=tooltip}" type="org.openqa.selenium.NoSuchElementException">org.openqa.selenium.NoSuchElementException: 
no such element: Unable to locate element: {"method":"css selector","selector":".tooltip"}
  (Session info: chrome=83.0.4103.106)
For documentation on this error, please visit: https://www.seleniumhq.org/exceptions/no_such_element.html
Build info: version: '3.141.59', revision: 'e82be7d358', time: '2018-11-14T08:17:03'
System info: host: 'ZCOBTM10457-JavierGarcia.local', ip: '2800:484:2879:f900:3af9:d3ff:fe98:d2e1%en0', os.name: 'Mac OS X', os.arch: 'x86_64', os.version: '10.15.5', java.version: '13.0.2'
Driver info: org.openqa.selenium.chrome.ChromeDriver
Capabilities {acceptInsecureCerts: false, browserName: chrome, browserVersion: 83.0.4103.106, chrome: {chromedriverVersion: 83.0.4103.39 (ccbf011cb2d2b..., userDataDir: /var/folders/49/pwhcb5vs4bj...}, goog:chromeOptions: {debuggerAddress: localhost:58076}, javascriptEnabled: true, networkConnectionEnabled: false, pageLoadStrategy: normal, platform: MAC, platformName: MAC, proxy: Proxy(), setWindowRect: true, strictFileInteractability: false, timeouts: {implicit: 0, pageLoad: 300000, script: 30000}, unhandledPromptBehavior: dismiss and notify, webauthn:virtualAuthenticators: true}
Session ID: 574256dc1fa07ae43024edd8a1f9bfc5
*** Element info: {Using=class name, value=tooltip}
	at work.WorkTests.testHoverPartnersItem(WorkTests.java:19)
</failure>
    <system-out><![CDATA[Clicking on work
Zemoga / Work
]]></system-out>
    <system-err><![CDATA[Starting ChromeDriver 83.0.4103.39 (ccbf011cb2d2b19b506d844400483861342c20cd-refs/branch-heads/4103@{#416}) on port 41187
Only local connections are allowed.
Please see https://chromedriver.chromium.org/security-considerations for suggestions on keeping ChromeDriver safe.
ChromeDriver was started successfully.
Jun 17, 2020 5:22:09 PM org.openqa.selenium.remote.ProtocolHandshake createSession
INFO: Detected dialect: W3C
]]></system-err>
  </testcase>
  <testcase name="visualTestingElement" classname="visualTesting.homePageTest" time="35.389"/>
  <testcase name="visualTestingWindow" classname="visualTesting.homePageTest" time="72.404"/>
</testsuite>